<?xml version="1.0" encoding="UTF-8" ?>
<testsuites>

  <testsuite name="Player #resume" errors="0" tests="1" failures="0" time="0.006" timestamp="Tue Jan 28 2014 16:34:28 GMT-0800 (PST)">
    
      <testcase assertions="0" classname="Player #resume" name="should throw an exception if song is already playing" time="0">
        
      </testcase>
    
  </testsuite>

</testsuites>