<?xml version="1.0" encoding="UTF-8" ?>
<testsuites>

  <testsuite name="#resume" errors="0" tests="0" failures="0" time="NaN" timestamp="Tue Jan 28 2014 16:25:21 GMT-0800 (PST)">
    
      <testcase assertions="0" classname="" name="should throw an exception if song is already playing" time="0">
        
          <failure>Expected function to throw an Error.</failure>
        
      </testcase>
    
  </testsuite>

</testsuites>