<?xml version="1.0" encoding="UTF-8" ?>
<testsuites>

  <testsuite name="when song has been paused" errors="0" tests="0" failures="0" time="NaN" timestamp="Tue Jan 28 2014 16:25:21 GMT-0800 (PST)">
    
      <testcase assertions="0" classname="" name="should indicate that the song is currently paused" time="0">
        
      </testcase>
    
      <testcase assertions="0" classname="" name="should be possible to resume" time="0.001">
        
      </testcase>
    
      <testcase assertions="0" classname="" name="tells the current song if the user has made it a favorite" time="0.001">
        
      </testcase>
    
  </testsuite>

</testsuites>